Determining if the pthread_create exist failed with the following output:
Change Dir: /home/froglake/reach_and_grasp_ws/build/CMakeFiles/CMakeTmp

Run Build Command:"/usr/bin/make" "cmTryCompileExec3083645876/fast"
/usr/bin/make -f CMakeFiles/cmTryCompileExec3083645876.dir/build.make CMakeFiles/cmTryCompileExec3083645876.dir/build
make[1]: Entering directory `/home/froglake/reach_and_grasp_ws/build/CMakeFiles/CMakeTmp'
/usr/bin/cmake -E cmake_progress_report /home/froglake/reach_and_grasp_ws/build/CMakeFiles/CMakeTmp/CMakeFiles 1
Building C object CMakeFiles/cmTryCompileExec3083645876.dir/CheckSymbolExists.c.o
/usr/bin/cc    -o CMakeFiles/cmTryCompileExec3083645876.dir/CheckSymbolExists.c.o   -c /home/froglake/reach_and_grasp_ws/build/CMakeFiles/CMakeTmp/CheckSymbolExists.c
Linking C executable cmTryCompileExec3083645876
/usr/bin/cmake -E cmake_link_script CMakeFiles/cmTryCompileExec3083645876.dir/link.txt --verbose=1
/usr/bin/cc       CMakeFiles/cmTryCompileExec3083645876.dir/CheckSymbolExists.c.o  -o cmTryCompileExec3083645876 -rdynamic 
CMakeFiles/cmTryCompileExec3083645876.dir/CheckSymbolExists.c.o: In function `main':
CheckSymbolExists.c:(.text+0x16): undefined reference to `pthread_create'
collect2: error: ld returned 1 exit status
make[1]: *** [cmTryCompileExec3083645876] Error 1
make[1]: Leaving directory `/home/froglake/reach_and_grasp_ws/build/CMakeFiles/CMakeTmp'
make: *** [cmTryCompileExec3083645876/fast] Error 2

File /home/froglake/reach_and_grasp_ws/build/CMakeFiles/CMakeTmp/CheckSymbolExists.c:
/* */
#include <pthread.h>

int main(int argc, char** argv)
{
  (void)argv;
#ifndef pthread_create
  return ((int*)(&pthread_create))[argc];
#else
  (void)argc;
  return 0;
#endif
}

Determining if the function pthread_create exists in the pthreads failed with the following output:
Change Dir: /home/froglake/reach_and_grasp_ws/build/CMakeFiles/CMakeTmp

Run Build Command:"/usr/bin/make" "cmTryCompileExec3861372905/fast"
/usr/bin/make -f CMakeFiles/cmTryCompileExec3861372905.dir/build.make CMakeFiles/cmTryCompileExec3861372905.dir/build
make[1]: Entering directory `/home/froglake/reach_and_grasp_ws/build/CMakeFiles/CMakeTmp'
/usr/bin/cmake -E cmake_progress_report /home/froglake/reach_and_grasp_ws/build/CMakeFiles/CMakeTmp/CMakeFiles 1
Building C object CMakeFiles/cmTryCompileExec3861372905.dir/CheckFunctionExists.c.o
/usr/bin/cc   -DCHECK_FUNCTION_EXISTS=pthread_create   -o CMakeFiles/cmTryCompileExec3861372905.dir/CheckFunctionExists.c.o   -c /usr/share/cmake-3.2/Modules/CheckFunctionExists.c
Linking C executable cmTryCompileExec3861372905
/usr/bin/cmake -E cmake_link_script CMakeFiles/cmTryCompileExec3861372905.dir/link.txt --verbose=1
/usr/bin/cc   -DCHECK_FUNCTION_EXISTS=pthread_create    CMakeFiles/cmTryCompileExec3861372905.dir/CheckFunctionExists.c.o  -o cmTryCompileExec3861372905 -rdynamic -lpthreads 
/usr/bin/x86_64-linux-gnu-ld: cannot find -lpthreads
collect2: error: ld returned 1 exit status
make[1]: *** [cmTryCompileExec3861372905] Error 1
make[1]: Leaving directory `/home/froglake/reach_and_grasp_ws/build/CMakeFiles/CMakeTmp'
make: *** [cmTryCompileExec3861372905/fast] Error 2


